# JRE version: OpenJDK Runtime Environment (8.0_152-b01) (build 1.8.0_152-release-915-b01)
# Java VM: OpenJDK 64-Bit Server VM (25.152-b01 mixed mode windows-amd64 compressed oops)
Heap:
 PSYoungGen      total 356864K, used 356618K [0x00000000e0000000, 0x0000000100000000, 0x0000000100000000)
  eden space 249344K, 100% used [0x00000000e0000000,0x00000000ef380000,0x00000000ef380000)
  from space 107520K, 99% used [0x00000000ef380000,0x00000000f5c42a80,0x00000000f5c80000)
  to   space 144896K, 11% used [0x00000000f7280000,0x00000000f82bc460,0x0000000100000000)
 ParOldGen       total 911872K, used 469638K [0x00000000a0000000, 0x00000000d7a80000, 0x00000000e0000000)
  object space 911872K, 51% used [0x00000000a0000000,0x00000000bcab4bf0,0x00000000d7a80000)
 Metaspace       used 90880K, capacity 98952K, committed 104280K, reserved 1140736K
  class space    used 11281K, capacity 13009K, committed 13696K, reserved 1048576K
GC Heap History (10 events):
Event: 10042.102 GC heap after
Heap after GC invocations=87 (full 9):
 PSYoungGen      total 379392K, used 82819K [0x00000000e0000000, 0x0000000100000000, 0x0000000100000000)
  eden space 243712K, 0% used [0x00000000e0000000,0x00000000e0000000,0x00000000eee00000)
  from space 135680K, 61% used [0x00000000f7b80000,0x00000000fcc60ed8,0x0000000100000000)
  to   space 140288K, 0% used [0x00000000eee00000,0x00000000eee00000,0x00000000f7700000)
 ParOldGen       total 659456K, used 425037K [0x00000000a0000000, 0x00000000c8400000, 0x00000000e0000000)
  object space 659456K, 64% used [0x00000000a0000000,0x00000000b9f13450,0x00000000c8400000)
 Metaspace       used 90686K, capacity 98414K, committed 104280K, reserved 1140736K
  class space    used 11229K, capacity 12871K, committed 13696K, reserved 1048576K
}
Event: 10044.242 GC heap before
{Heap before GC invocations=88 (full 9):
 PSYoungGen      total 379392K, used 326531K [0x00000000e0000000, 0x0000000100000000, 0x0000000100000000)
  eden space 243712K, 100% used [0x00000000e0000000,0x00000000eee00000,0x00000000eee00000)
  from space 135680K, 61% used [0x00000000f7b80000,0x00000000fcc60ed8,0x0000000100000000)
  to   space 140288K, 0% used [0x00000000eee00000,0x00000000eee00000,0x00000000f7700000)
 ParOldGen       total 659456K, used 425037K [0x00000000a0000000, 0x00000000c8400000, 0x00000000e0000000)
  object space 659456K, 64% used [0x00000000a0000000,0x00000000b9f13450,0x00000000c8400000)
 Metaspace       used 90719K, capacity 98468K, committed 104280K, reserved 1140736K
  class space    used 11234K, capacity 12880K, committed 13696K, reserved 1048576K
Event: 10044.319 GC heap after
Heap after GC invocations=88 (full 9):
 PSYoungGen      total 295424K, used 51237K [0x00000000e0000000, 0x00000000ff380000, 0x0000000100000000)
  eden space 243712K, 0% used [0x00000000e0000000,0x00000000e0000000,0x00000000eee00000)
  from space 51712K, 99% used [0x00000000eee00000,0x00000000f20096c8,0x00000000f2080000)
  to   space 131584K, 0% used [0x00000000f7300000,0x00000000f7300000,0x00000000ff380000)
 ParOldGen       total 659456K, used 497890K [0x00000000a0000000, 0x00000000c8400000, 0x00000000e0000000)
  object space 659456K, 75% used [0x00000000a0000000,0x00000000be638828,0x00000000c8400000)
 Metaspace       used 90719K, capacity 98468K, committed 104280K, reserved 1140736K
  class space    used 11234K, capacity 12880K, committed 13696K, reserved 1048576K
}
Event: 10136.336 GC heap before
{Heap before GC invocations=89 (full 9):
 PSYoungGen      total 295424K, used 294949K [0x00000000e0000000, 0x00000000ff380000, 0x0000000100000000)
  eden space 243712K, 100% used [0x00000000e0000000,0x00000000eee00000,0x00000000eee00000)
  from space 51712K, 99% used [0x00000000eee00000,0x00000000f20096c8,0x00000000f2080000)
  to   space 131584K, 0% used [0x00000000f7300000,0x00000000f7300000,0x00000000ff380000)
 ParOldGen       total 659456K, used 497890K [0x00000000a0000000, 0x00000000c8400000, 0x00000000e0000000)
  object space 659456K, 75% used [0x00000000a0000000,0x00000000be638828,0x00000000c8400000)
 Metaspace       used 90909K, capacity 98918K, committed 104280K, reserved 1140736K
  class space    used 11275K, capacity 12975K, committed 13696K, reserved 1048576K
Event: 10136.393 GC heap after
Heap after GC invocations=89 (full 9):
 PSYoungGen      total 380928K, used 7510K [0x00000000e0000000, 0x0000000100000000, 0x0000000100000000)
  eden space 249344K, 0% used [0x00000000e0000000,0x00000000e0000000,0x00000000ef380000)
  from space 131584K, 5% used [0x00000000f7300000,0x00000000f7a55898,0x00000000ff380000)
  to   space 130560K, 0% used [0x00000000ef380000,0x00000000ef380000,0x00000000f7300000)
 ParOldGen       total 659456K, used 545831K [0x00000000a0000000, 0x00000000c8400000, 0x00000000e0000000)
  object space 659456K, 82% used [0x00000000a0000000,0x00000000c1509fa0,0x00000000c8400000)
 Metaspace       used 90909K, capacity 98918K, committed 104280K, reserved 1140736K
  class space    used 11275K, capacity 12975K, committed 13696K, reserved 1048576K
}
Event: 10136.393 GC heap before
{Heap before GC invocations=90 (full 10):
 PSYoungGen      total 380928K, used 7510K [0x00000000e0000000, 0x0000000100000000, 0x0000000100000000)
  eden space 249344K, 0% used [0x00000000e0000000,0x00000000e0000000,0x00000000ef380000)
  from space 131584K, 5% used [0x00000000f7300000,0x00000000f7a55898,0x00000000ff380000)
  to   space 130560K, 0% used [0x00000000ef380000,0x00000000ef380000,0x00000000f7300000)
 ParOldGen       total 659456K, used 545831K [0x00000000a0000000, 0x00000000c8400000, 0x00000000e0000000)
  object space 659456K, 82% used [0x00000000a0000000,0x00000000c1509fa0,0x00000000c8400000)
 Metaspace       used 90909K, capacity 98918K, committed 104280K, reserved 1140736K
  class space    used 11275K, capacity 12975K, committed 13696K, reserved 1048576K
Event: 10137.406 GC heap after
Heap after GC invocations=90 (full 10):
 PSYoungGen      total 380928K, used 0K [0x00000000e0000000, 0x0000000100000000, 0x0000000100000000)
  eden space 249344K, 0% used [0x00000000e0000000,0x00000000e0000000,0x00000000ef380000)
  from space 131584K, 0% used [0x00000000f7300000,0x00000000f7300000,0x00000000ff380000)
  to   space 130560K, 0% used [0x00000000ef380000,0x00000000ef380000,0x00000000f7300000)
 ParOldGen       total 911872K, used 401634K [0x00000000a0000000, 0x00000000d7a80000, 0x00000000e0000000)
  object space 911872K, 44% used [0x00000000a0000000,0x00000000b8838a30,0x00000000d7a80000)
 Metaspace       used 89267K, capacity 97122K, committed 104280K, reserved 1140736K
  class space    used 11075K, capacity 12732K, committed 13696K, reserved 1048576K
}
Event: 10138.653 GC heap before
{Heap before GC invocations=91 (full 10):
 PSYoungGen      total 380928K, used 249344K [0x00000000e0000000, 0x0000000100000000, 0x0000000100000000)
  eden space 249344K, 100% used [0x00000000e0000000,0x00000000ef380000,0x00000000ef380000)
  from space 131584K, 0% used [0x00000000f7300000,0x00000000f7300000,0x00000000ff380000)
  to   space 130560K, 0% used [0x00000000ef380000,0x00000000ef380000,0x00000000f7300000)
 ParOldGen       total 911872K, used 401634K [0x00000000a0000000, 0x00000000d7a80000, 0x00000000e0000000)
  object space 911872K, 44% used [0x00000000a0000000,0x00000000b8838a30,0x00000000d7a80000)
 Metaspace       used 90756K, capacity 98676K, committed 104280K, reserved 1140736K
  class space    used 11256K, capacity 12943K, committed 13696K, reserved 1048576K
Event: 10138.715 GC heap after
Heap after GC invocations=91 (full 10):
 PSYoungGen      total 356864K, used 107274K [0x00000000e0000000, 0x0000000100000000, 0x0000000100000000)
  eden space 249344K, 0% used [0x00000000e0000000,0x00000000e0000000,0x00000000ef380000)
  from space 107520K, 99% used [0x00000000ef380000,0x00000000f5c42a80,0x00000000f5c80000)
  to   space 144896K, 0% used [0x00000000f7280000,0x00000000f7280000,0x0000000100000000)
 ParOldGen       total 911872K, used 401634K [0x00000000a0000000, 0x00000000d7a80000, 0x00000000e0000000)
  object space 911872K, 44% used [0x00000000a0000000,0x00000000b8838a30,0x00000000d7a80000)
 Metaspace       used 90756K, capacity 98676K, committed 104280K, reserved 1140736K
  class space    used 11256K, capacity 12943K, committed 13696K, reserved 1048576K
}
Event: 10514.403 GC heap before
{Heap before GC invocations=92 (full 10):
 PSYoungGen      total 356864K, used 356618K [0x00000000e0000000, 0x0000000100000000, 0x0000000100000000)
  eden space 249344K, 100% used [0x00000000e0000000,0x00000000ef380000,0x00000000ef380000)
  from space 107520K, 99% used [0x00000000ef380000,0x00000000f5c42a80,0x00000000f5c80000)
  to   space 144896K, 0% used [0x00000000f7280000,0x00000000f7280000,0x0000000100000000)
 ParOldGen       total 911872K, used 401634K [0x00000000a0000000, 0x00000000d7a80000, 0x00000000e0000000)
  object space 911872K, 44% used [0x00000000a0000000,0x00000000b8838a30,0x00000000d7a80000)
 Metaspace       used 90880K, capacity 98952K, committed 104280K, reserved 1140736K
  class space    used 11281K, capacity 13009K, committed 13696K, reserved 1048576K

