# JRE version: OpenJDK Runtime Environment (8.0_152-b01) (build 1.8.0_152-release-915-b01)
# Java VM: OpenJDK 64-Bit Server VM (25.152-b01 mixed mode windows-amd64 compressed oops)
Heap:
 PSYoungGen      total 358400K, used 318907K [0x00000000e0000000, 0x0000000100000000, 0x0000000100000000)
  eden space 217088K, 100% used [0x00000000e0000000,0x00000000ed400000,0x00000000ed400000)
  from space 141312K, 72% used [0x00000000ed400000,0x00000000f376eca0,0x00000000f5e00000)
  to   space 150016K, 44% used [0x00000000f6d80000,0x00000000faf48480,0x0000000100000000)
 ParOldGen       total 519168K, used 282151K [0x00000000a0000000, 0x00000000bfb00000, 0x00000000e0000000)
  object space 519168K, 54% used [0x00000000a0000000,0x00000000b1389f30,0x00000000bfb00000)
 Metaspace       used 79289K, capacity 82542K, committed 82776K, reserved 1122304K
  class space    used 9987K, capacity 10737K, committed 10880K, reserved 1048576K
GC Heap History (10 events):
Event: 125.251 GC heap after
Heap after GC invocations=23 (full 3):
 PSYoungGen      total 285184K, used 108541K [0x00000000e0000000, 0x0000000100000000, 0x0000000100000000)
  eden space 176640K, 0% used [0x00000000e0000000,0x00000000e0000000,0x00000000eac80000)
  from space 108544K, 99% used [0x00000000f3f00000,0x00000000fa8ff470,0x00000000fa900000)
  to   space 150016K, 0% used [0x00000000eac80000,0x00000000eac80000,0x00000000f3f00000)
 ParOldGen       total 234496K, used 189488K [0x00000000a0000000, 0x00000000ae500000, 0x00000000e0000000)
  object space 234496K, 80% used [0x00000000a0000000,0x00000000ab90c160,0x00000000ae500000)
 Metaspace       used 76878K, capacity 79926K, committed 80216K, reserved 1118208K
  class space    used 9804K, capacity 10503K, committed 10624K, reserved 1048576K
}
Event: 128.032 GC heap before
{Heap before GC invocations=24 (full 3):
 PSYoungGen      total 285184K, used 285181K [0x00000000e0000000, 0x0000000100000000, 0x0000000100000000)
  eden space 176640K, 100% used [0x00000000e0000000,0x00000000eac80000,0x00000000eac80000)
  from space 108544K, 99% used [0x00000000f3f00000,0x00000000fa8ff470,0x00000000fa900000)
  to   space 150016K, 0% used [0x00000000eac80000,0x00000000eac80000,0x00000000f3f00000)
 ParOldGen       total 234496K, used 189488K [0x00000000a0000000, 0x00000000ae500000, 0x00000000e0000000)
  object space 234496K, 80% used [0x00000000a0000000,0x00000000ab90c160,0x00000000ae500000)
 Metaspace       used 77181K, capacity 80264K, committed 80472K, reserved 1120256K
  class space    used 9812K, capacity 10515K, committed 10624K, reserved 1048576K
Event: 128.101 GC heap after
Heap after GC invocations=24 (full 3):
 PSYoungGen      total 326656K, used 78424K [0x00000000e0000000, 0x00000000ff900000, 0x0000000100000000)
  eden space 176640K, 0% used [0x00000000e0000000,0x00000000e0000000,0x00000000eac80000)
  from space 150016K, 52% used [0x00000000eac80000,0x00000000ef9163d0,0x00000000f3f00000)
  to   space 149504K, 0% used [0x00000000f6700000,0x00000000f6700000,0x00000000ff900000)
 ParOldGen       total 234496K, used 220364K [0x00000000a0000000, 0x00000000ae500000, 0x00000000e0000000)
  object space 234496K, 93% used [0x00000000a0000000,0x00000000ad733178,0x00000000ae500000)
 Metaspace       used 77181K, capacity 80264K, committed 80472K, reserved 1120256K
  class space    used 9812K, capacity 10515K, committed 10624K, reserved 1048576K
}
Event: 128.101 GC heap before
{Heap before GC invocations=25 (full 4):
 PSYoungGen      total 326656K, used 78424K [0x00000000e0000000, 0x00000000ff900000, 0x0000000100000000)
  eden space 176640K, 0% used [0x00000000e0000000,0x00000000e0000000,0x00000000eac80000)
  from space 150016K, 52% used [0x00000000eac80000,0x00000000ef9163d0,0x00000000f3f00000)
  to   space 149504K, 0% used [0x00000000f6700000,0x00000000f6700000,0x00000000ff900000)
 ParOldGen       total 234496K, used 220364K [0x00000000a0000000, 0x00000000ae500000, 0x00000000e0000000)
  object space 234496K, 93% used [0x00000000a0000000,0x00000000ad733178,0x00000000ae500000)
 Metaspace       used 77181K, capacity 80264K, committed 80472K, reserved 1120256K
  class space    used 9812K, capacity 10515K, committed 10624K, reserved 1048576K
Event: 128.867 GC heap after
Heap after GC invocations=25 (full 4):
 PSYoungGen      total 326656K, used 46482K [0x00000000e0000000, 0x00000000ff900000, 0x0000000100000000)
  eden space 176640K, 0% used [0x00000000e0000000,0x00000000e0000000,0x00000000eac80000)
  from space 150016K, 30% used [0x00000000eac80000,0x00000000ed9e4a68,0x00000000f3f00000)
  to   space 149504K, 0% used [0x00000000f6700000,0x00000000f6700000,0x00000000ff900000)
 ParOldGen       total 519168K, used 234418K [0x00000000a0000000, 0x00000000bfb00000, 0x00000000e0000000)
  object space 519168K, 45% used [0x00000000a0000000,0x00000000ae4ecb30,0x00000000bfb00000)
 Metaspace       used 77024K, capacity 79888K, committed 80472K, reserved 1120256K
  class space    used 9780K, capacity 10461K, committed 10624K, reserved 1048576K
}
Event: 212.805 GC heap before
{Heap before GC invocations=26 (full 4):
 PSYoungGen      total 326656K, used 223122K [0x00000000e0000000, 0x00000000ff900000, 0x0000000100000000)
  eden space 176640K, 100% used [0x00000000e0000000,0x00000000eac80000,0x00000000eac80000)
  from space 150016K, 30% used [0x00000000eac80000,0x00000000ed9e4a68,0x00000000f3f00000)
  to   space 149504K, 0% used [0x00000000f6700000,0x00000000f6700000,0x00000000ff900000)
 ParOldGen       total 519168K, used 234418K [0x00000000a0000000, 0x00000000bfb00000, 0x00000000e0000000)
  object space 519168K, 45% used [0x00000000a0000000,0x00000000ae4ecb30,0x00000000bfb00000)
 Metaspace       used 77566K, capacity 80616K, committed 80984K, reserved 1120256K
  class space    used 9801K, capacity 10517K, committed 10624K, reserved 1048576K
Event: 212.849 GC heap after
Heap after GC invocations=26 (full 4):
 PSYoungGen      total 349184K, used 49363K [0x00000000e0000000, 0x00000000fe800000, 0x0000000100000000)
  eden space 217088K, 0% used [0x00000000e0000000,0x00000000e0000000,0x00000000ed400000)
  from space 132096K, 37% used [0x00000000f6700000,0x00000000f9734d78,0x00000000fe800000)
  to   space 141312K, 0% used [0x00000000ed400000,0x00000000ed400000,0x00000000f5e00000)
 ParOldGen       total 519168K, used 235539K [0x00000000a0000000, 0x00000000bfb00000, 0x00000000e0000000)
  object space 519168K, 45% used [0x00000000a0000000,0x00000000ae604cf0,0x00000000bfb00000)
 Metaspace       used 77566K, capacity 80616K, committed 80984K, reserved 1120256K
  class space    used 9801K, capacity 10517K, committed 10624K, reserved 1048576K
}
Event: 213.715 GC heap before
{Heap before GC invocations=27 (full 4):
 PSYoungGen      total 349184K, used 266451K [0x00000000e0000000, 0x00000000fe800000, 0x0000000100000000)
  eden space 217088K, 100% used [0x00000000e0000000,0x00000000ed400000,0x00000000ed400000)
  from space 132096K, 37% used [0x00000000f6700000,0x00000000f9734d78,0x00000000fe800000)
  to   space 141312K, 0% used [0x00000000ed400000,0x00000000ed400000,0x00000000f5e00000)
 ParOldGen       total 519168K, used 235539K [0x00000000a0000000, 0x00000000bfb00000, 0x00000000e0000000)
  object space 519168K, 45% used [0x00000000a0000000,0x00000000ae604cf0,0x00000000bfb00000)
 Metaspace       used 79071K, capacity 82228K, committed 82392K, reserved 1120256K
  class space    used 9980K, capacity 10727K, committed 10752K, reserved 1048576K
Event: 213.796 GC heap after
Heap after GC invocations=27 (full 4):
 PSYoungGen      total 358400K, used 101819K [0x00000000e0000000, 0x0000000100000000, 0x0000000100000000)
  eden space 217088K, 0% used [0x00000000e0000000,0x00000000e0000000,0x00000000ed400000)
  from space 141312K, 72% used [0x00000000ed400000,0x00000000f376eca0,0x00000000f5e00000)
  to   space 150016K, 0% used [0x00000000f6d80000,0x00000000f6d80000,0x0000000100000000)
 ParOldGen       total 519168K, used 273544K [0x00000000a0000000, 0x00000000bfb00000, 0x00000000e0000000)
  object space 519168K, 52% used [0x00000000a0000000,0x00000000b0b22148,0x00000000bfb00000)
 Metaspace       used 79071K, capacity 82228K, committed 82392K, reserved 1120256K
  class space    used 9980K, capacity 10727K, committed 10752K, reserved 1048576K
}
Event: 216.307 GC heap before
{Heap before GC invocations=28 (full 4):
 PSYoungGen      total 358400K, used 318907K [0x00000000e0000000, 0x0000000100000000, 0x0000000100000000)
  eden space 217088K, 100% used [0x00000000e0000000,0x00000000ed400000,0x00000000ed400000)
  from space 141312K, 72% used [0x00000000ed400000,0x00000000f376eca0,0x00000000f5e00000)
  to   space 150016K, 0% used [0x00000000f6d80000,0x00000000f6d80000,0x0000000100000000)
 ParOldGen       total 519168K, used 273544K [0x00000000a0000000, 0x00000000bfb00000, 0x00000000e0000000)
  object space 519168K, 52% used [0x00000000a0000000,0x00000000b0b22148,0x00000000bfb00000)
 Metaspace       used 79289K, capacity 82542K, committed 82776K, reserved 1122304K
  class space    used 9987K, capacity 10737K, committed 10880K, reserved 1048576K

