# JRE version: OpenJDK Runtime Environment (8.0_152-b01) (build 1.8.0_152-release-915-b01)
# Java VM: OpenJDK 64-Bit Server VM (25.152-b01 mixed mode windows-amd64 compressed oops)
Heap:
 PSYoungGen      total 362496K, used 21196K [0x00000000e0000000, 0x00000000ff780000, 0x0000000100000000)
  eden space 213504K, 0% used [0x00000000e0000000,0x00000000e0000000,0x00000000ed080000)
  from space 148992K, 14% used [0x00000000f6600000,0x00000000f7ab3340,0x00000000ff780000)
  to   space 151040K, 0% used [0x00000000ed080000,0x00000000ed080000,0x00000000f6400000)
 ParOldGen       total 530432K, used 521878K [0x00000000a0000000, 0x00000000c0600000, 0x00000000e0000000)
  object space 530432K, 98% used [0x00000000a0000000,0x00000000bfda5b68,0x00000000c0600000)
 Metaspace       used 85478K, capacity 89728K, committed 89816K, reserved 1128448K
  class space    used 10730K, capacity 11722K, committed 11776K, reserved 1048576K
GC Heap History (10 events):
Event: 1222.779 GC heap after
Heap after GC invocations=26 (full 4):
 PSYoungGen      total 356864K, used 61572K [0x00000000e0000000, 0x0000000100000000, 0x0000000100000000)
  eden space 182272K, 0% used [0x00000000e0000000,0x00000000e0000000,0x00000000eb200000)
  from space 174592K, 35% used [0x00000000f5580000,0x00000000f91a1000,0x0000000100000000)
  to   space 167424K, 0% used [0x00000000eb200000,0x00000000eb200000,0x00000000f5580000)
 ParOldGen       total 530432K, used 348062K [0x00000000a0000000, 0x00000000c0600000, 0x00000000e0000000)
  object space 530432K, 65% used [0x00000000a0000000,0x00000000b53e7a38,0x00000000c0600000)
 Metaspace       used 83239K, capacity 87084K, committed 87128K, reserved 1124352K
  class space    used 10491K, capacity 11366K, committed 11392K, reserved 1048576K
}
Event: 1799.968 GC heap before
{Heap before GC invocations=27 (full 4):
 PSYoungGen      total 356864K, used 243844K [0x00000000e0000000, 0x0000000100000000, 0x0000000100000000)
  eden space 182272K, 100% used [0x00000000e0000000,0x00000000eb200000,0x00000000eb200000)
  from space 174592K, 35% used [0x00000000f5580000,0x00000000f91a1000,0x0000000100000000)
  to   space 167424K, 0% used [0x00000000eb200000,0x00000000eb200000,0x00000000f5580000)
 ParOldGen       total 530432K, used 348062K [0x00000000a0000000, 0x00000000c0600000, 0x00000000e0000000)
  object space 530432K, 65% used [0x00000000a0000000,0x00000000b53e7a38,0x00000000c0600000)
 Metaspace       used 83555K, capacity 87574K, committed 87768K, reserved 1126400K
  class space    used 10507K, capacity 11413K, committed 11520K, reserved 1048576K
Event: 1800.133 GC heap after
Heap after GC invocations=27 (full 4):
 PSYoungGen      total 349696K, used 6320K [0x00000000e0000000, 0x00000000ff900000, 0x0000000100000000)
  eden space 182272K, 0% used [0x00000000e0000000,0x00000000e0000000,0x00000000eb200000)
  from space 167424K, 3% used [0x00000000eb200000,0x00000000eb82c060,0x00000000f5580000)
  to   space 167424K, 0% used [0x00000000f5580000,0x00000000f5580000,0x00000000ff900000)
 ParOldGen       total 530432K, used 400218K [0x00000000a0000000, 0x00000000c0600000, 0x00000000e0000000)
  object space 530432K, 75% used [0x00000000a0000000,0x00000000b86d6948,0x00000000c0600000)
 Metaspace       used 83555K, capacity 87574K, committed 87768K, reserved 1126400K
  class space    used 10507K, capacity 11413K, committed 11520K, reserved 1048576K
}
Event: 1803.123 GC heap before
{Heap before GC invocations=28 (full 4):
 PSYoungGen      total 349696K, used 188592K [0x00000000e0000000, 0x00000000ff900000, 0x0000000100000000)
  eden space 182272K, 100% used [0x00000000e0000000,0x00000000eb200000,0x00000000eb200000)
  from space 167424K, 3% used [0x00000000eb200000,0x00000000eb82c060,0x00000000f5580000)
  to   space 167424K, 0% used [0x00000000f5580000,0x00000000f5580000,0x00000000ff900000)
 ParOldGen       total 530432K, used 400218K [0x00000000a0000000, 0x00000000c0600000, 0x00000000e0000000)
  object space 530432K, 75% used [0x00000000a0000000,0x00000000b86d6948,0x00000000c0600000)
 Metaspace       used 84187K, capacity 88196K, committed 88280K, reserved 1126400K
  class space    used 10561K, capacity 11490K, committed 11520K, reserved 1048576K
Event: 1803.172 GC heap after
Heap after GC invocations=28 (full 4):
 PSYoungGen      total 343552K, used 58111K [0x00000000e0000000, 0x00000000fec00000, 0x0000000100000000)
  eden space 189440K, 0% used [0x00000000e0000000,0x00000000e0000000,0x00000000eb900000)
  from space 154112K, 37% used [0x00000000f5580000,0x00000000f8e3fe28,0x00000000fec00000)
  to   space 157184K, 0% used [0x00000000eb900000,0x00000000eb900000,0x00000000f5280000)
 ParOldGen       total 530432K, used 405922K [0x00000000a0000000, 0x00000000c0600000, 0x00000000e0000000)
  object space 530432K, 76% used [0x00000000a0000000,0x00000000b8c68b78,0x00000000c0600000)
 Metaspace       used 84187K, capacity 88196K, committed 88280K, reserved 1126400K
  class space    used 10561K, capacity 11490K, committed 11520K, reserved 1048576K
}
Event: 1804.213 GC heap before
{Heap before GC invocations=29 (full 4):
 PSYoungGen      total 343552K, used 247551K [0x00000000e0000000, 0x00000000fec00000, 0x0000000100000000)
  eden space 189440K, 100% used [0x00000000e0000000,0x00000000eb900000,0x00000000eb900000)
  from space 154112K, 37% used [0x00000000f5580000,0x00000000f8e3fe28,0x00000000fec00000)
  to   space 157184K, 0% used [0x00000000eb900000,0x00000000eb900000,0x00000000f5280000)
 ParOldGen       total 530432K, used 405922K [0x00000000a0000000, 0x00000000c0600000, 0x00000000e0000000)
  object space 530432K, 76% used [0x00000000a0000000,0x00000000b8c68b78,0x00000000c0600000)
 Metaspace       used 85121K, capacity 89122K, committed 89176K, reserved 1126400K
  class space    used 10687K, capacity 11623K, committed 11648K, reserved 1048576K
Event: 1804.324 GC heap after
Heap after GC invocations=29 (full 4):
 PSYoungGen      total 346624K, used 76893K [0x00000000e0000000, 0x00000000ffc00000, 0x0000000100000000)
  eden space 189440K, 0% used [0x00000000e0000000,0x00000000e0000000,0x00000000eb900000)
  from space 157184K, 48% used [0x00000000eb900000,0x00000000f0417438,0x00000000f5280000)
  to   space 153600K, 0% used [0x00000000f6600000,0x00000000f6600000,0x00000000ffc00000)
 ParOldGen       total 530432K, used 453892K [0x00000000a0000000, 0x00000000c0600000, 0x00000000e0000000)
  object space 530432K, 85% used [0x00000000a0000000,0x00000000bbb41360,0x00000000c0600000)
 Metaspace       used 85121K, capacity 89122K, committed 89176K, reserved 1126400K
  class space    used 10687K, capacity 11623K, committed 11648K, reserved 1048576K
}
Event: 1840.041 GC heap before
{Heap before GC invocations=30 (full 4):
 PSYoungGen      total 346624K, used 265497K [0x00000000e0000000, 0x00000000ffc00000, 0x0000000100000000)
  eden space 189440K, 99% used [0x00000000e0000000,0x00000000eb82f130,0x00000000eb900000)
  from space 157184K, 48% used [0x00000000eb900000,0x00000000f0417438,0x00000000f5280000)
  to   space 153600K, 0% used [0x00000000f6600000,0x00000000f6600000,0x00000000ffc00000)
 ParOldGen       total 530432K, used 453892K [0x00000000a0000000, 0x00000000c0600000, 0x00000000e0000000)
  object space 530432K, 85% used [0x00000000a0000000,0x00000000bbb41360,0x00000000c0600000)
 Metaspace       used 85478K, capacity 89728K, committed 89816K, reserved 1128448K
  class space    used 10730K, capacity 11722K, committed 11776K, reserved 1048576K
Event: 1840.094 GC heap after
Heap after GC invocations=30 (full 4):
 PSYoungGen      total 362496K, used 21196K [0x00000000e0000000, 0x00000000ff780000, 0x0000000100000000)
  eden space 213504K, 0% used [0x00000000e0000000,0x00000000e0000000,0x00000000ed080000)
  from space 148992K, 14% used [0x00000000f6600000,0x00000000f7ab3340,0x00000000ff780000)
  to   space 151040K, 0% used [0x00000000ed080000,0x00000000ed080000,0x00000000f6400000)
 ParOldGen       total 530432K, used 521878K [0x00000000a0000000, 0x00000000c0600000, 0x00000000e0000000)
  object space 530432K, 98% used [0x00000000a0000000,0x00000000bfda5b68,0x00000000c0600000)
 Metaspace       used 85478K, capacity 89728K, committed 89816K, reserved 1128448K
  class space    used 10730K, capacity 11722K, committed 11776K, reserved 1048576K
}
Event: 1840.094 GC heap before
{Heap before GC invocations=31 (full 5):
 PSYoungGen      total 362496K, used 21196K [0x00000000e0000000, 0x00000000ff780000, 0x0000000100000000)
  eden space 213504K, 0% used [0x00000000e0000000,0x00000000e0000000,0x00000000ed080000)
  from space 148992K, 14% used [0x00000000f6600000,0x00000000f7ab3340,0x00000000ff780000)
  to   space 151040K, 0% used [0x00000000ed080000,0x00000000ed080000,0x00000000f6400000)
 ParOldGen       total 530432K, used 521878K [0x00000000a0000000, 0x00000000c0600000, 0x00000000e0000000)
  object space 530432K, 98% used [0x00000000a0000000,0x00000000bfda5b68,0x00000000c0600000)
 Metaspace       used 85478K, capacity 89728K, committed 89816K, reserved 1128448K
  class space    used 10730K, capacity 11722K, committed 11776K, reserved 1048576K

