# JRE version: OpenJDK Runtime Environment (8.0_152-b01) (build 1.8.0_152-release-915-b01)
# Java VM: OpenJDK 64-Bit Server VM (25.152-b01 mixed mode windows-amd64 compressed oops)
Heap:
 PSYoungGen      total 409600K, used 281695K [0x00000000e0000000, 0x00000000ff600000, 0x0000000100000000)
  eden space 308736K, 80% used [0x00000000e0000000,0x00000000ef1a2500,0x00000000f2d80000)
  from space 100864K, 33% used [0x00000000f8d80000,0x00000000faef5ab8,0x00000000ff000000)
  to   space 98304K, 0% used [0x00000000f2d80000,0x00000000f2d80000,0x00000000f8d80000)
 ParOldGen       total 536064K, used 268476K [0x00000000a0000000, 0x00000000c0b80000, 0x00000000e0000000)
  object space 536064K, 50% used [0x00000000a0000000,0x00000000b062f250,0x00000000c0b80000)
 Metaspace       used 82374K, capacity 85774K, committed 86104K, reserved 1124352K
  class space    used 10250K, capacity 11028K, committed 11136K, reserved 1048576K
GC Heap History (10 events):
Event: 1145.417 GC heap before
{Heap before GC invocations=26 (full 4):
 PSYoungGen      total 369664K, used 319893K [0x00000000e0000000, 0x0000000100000000, 0x0000000100000000)
  eden space 286208K, 100% used [0x00000000e0000000,0x00000000f1780000,0x00000000f1780000)
  from space 83456K, 40% used [0x00000000f1780000,0x00000000f38657a8,0x00000000f6900000)
  to   space 123392K, 0% used [0x00000000f8780000,0x00000000f8780000,0x0000000100000000)
 ParOldGen       total 536064K, used 235059K [0x00000000a0000000, 0x00000000c0b80000, 0x00000000e0000000)
  object space 536064K, 43% used [0x00000000a0000000,0x00000000ae58cf38,0x00000000c0b80000)
 Metaspace       used 81373K, capacity 84514K, committed 84696K, reserved 1122304K
  class space    used 10215K, capacity 10952K, committed 11008K, reserved 1048576K
Event: 1145.493 GC heap after
Heap after GC invocations=26 (full 4):
 PSYoungGen      total 408064K, used 48815K [0x00000000e0000000, 0x0000000100000000, 0x0000000100000000)
  eden space 284672K, 0% used [0x00000000e0000000,0x00000000e0000000,0x00000000f1600000)
  from space 123392K, 39% used [0x00000000f8780000,0x00000000fb72bce8,0x0000000100000000)
  to   space 116224K, 0% used [0x00000000f1600000,0x00000000f1600000,0x00000000f8780000)
 ParOldGen       total 536064K, used 240758K [0x00000000a0000000, 0x00000000c0b80000, 0x00000000e0000000)
  object space 536064K, 44% used [0x00000000a0000000,0x00000000aeb1d908,0x00000000c0b80000)
 Metaspace       used 81373K, capacity 84514K, committed 84696K, reserved 1122304K
  class space    used 10215K, capacity 10952K, committed 11008K, reserved 1048576K
}
Event: 1146.632 GC heap before
{Heap before GC invocations=27 (full 4):
 PSYoungGen      total 408064K, used 333487K [0x00000000e0000000, 0x0000000100000000, 0x0000000100000000)
  eden space 284672K, 100% used [0x00000000e0000000,0x00000000f1600000,0x00000000f1600000)
  from space 123392K, 39% used [0x00000000f8780000,0x00000000fb72bce8,0x0000000100000000)
  to   space 116224K, 0% used [0x00000000f1600000,0x00000000f1600000,0x00000000f8780000)
 ParOldGen       total 536064K, used 240758K [0x00000000a0000000, 0x00000000c0b80000, 0x00000000e0000000)
  object space 536064K, 44% used [0x00000000a0000000,0x00000000aeb1d908,0x00000000c0b80000)
 Metaspace       used 81526K, capacity 84646K, committed 84952K, reserved 1124352K
  class space    used 10217K, capacity 10952K, committed 11008K, reserved 1048576K
Event: 1146.672 GC heap after
Heap after GC invocations=27 (full 4):
 PSYoungGen      total 340992K, used 56066K [0x00000000e0000000, 0x00000000ff100000, 0x0000000100000000)
  eden space 284672K, 0% used [0x00000000e0000000,0x00000000e0000000,0x00000000f1600000)
  from space 56320K, 99% used [0x00000000f1600000,0x00000000f4cc0848,0x00000000f4d00000)
  to   space 112128K, 0% used [0x00000000f8380000,0x00000000f8380000,0x00000000ff100000)
 ParOldGen       total 536064K, used 240822K [0x00000000a0000000, 0x00000000c0b80000, 0x00000000e0000000)
  object space 536064K, 44% used [0x00000000a0000000,0x00000000aeb2d908,0x00000000c0b80000)
 Metaspace       used 81526K, capacity 84646K, committed 84952K, reserved 1124352K
  class space    used 10217K, capacity 10952K, committed 11008K, reserved 1048576K
}
Event: 1147.974 GC heap before
{Heap before GC invocations=28 (full 4):
 PSYoungGen      total 340992K, used 340738K [0x00000000e0000000, 0x00000000ff100000, 0x0000000100000000)
  eden space 284672K, 100% used [0x00000000e0000000,0x00000000f1600000,0x00000000f1600000)
  from space 56320K, 99% used [0x00000000f1600000,0x00000000f4cc0848,0x00000000f4d00000)
  to   space 112128K, 0% used [0x00000000f8380000,0x00000000f8380000,0x00000000ff100000)
 ParOldGen       total 536064K, used 240822K [0x00000000a0000000, 0x00000000c0b80000, 0x00000000e0000000)
  object space 536064K, 44% used [0x00000000a0000000,0x00000000aeb2d908,0x00000000c0b80000)
 Metaspace       used 81594K, capacity 84716K, committed 84952K, reserved 1124352K
  class space    used 10218K, capacity 10953K, committed 11008K, reserved 1048576K
Event: 1148.004 GC heap after
Heap after GC invocations=28 (full 4):
 PSYoungGen      total 402944K, used 50479K [0x00000000e0000000, 0x0000000100000000, 0x0000000100000000)
  eden space 290816K, 0% used [0x00000000e0000000,0x00000000e0000000,0x00000000f1c00000)
  from space 112128K, 45% used [0x00000000f8380000,0x00000000fb4cbec0,0x00000000ff100000)
  to   space 105984K, 0% used [0x00000000f1c00000,0x00000000f1c00000,0x00000000f8380000)
 ParOldGen       total 536064K, used 240862K [0x00000000a0000000, 0x00000000c0b80000, 0x00000000e0000000)
  object space 536064K, 44% used [0x00000000a0000000,0x00000000aeb37908,0x00000000c0b80000)
 Metaspace       used 81594K, capacity 84716K, committed 84952K, reserved 1124352K
  class space    used 10218K, capacity 10953K, committed 11008K, reserved 1048576K
}
Event: 1154.367 GC heap before
{Heap before GC invocations=29 (full 4):
 PSYoungGen      total 402944K, used 341295K [0x00000000e0000000, 0x0000000100000000, 0x0000000100000000)
  eden space 290816K, 100% used [0x00000000e0000000,0x00000000f1c00000,0x00000000f1c00000)
  from space 112128K, 45% used [0x00000000f8380000,0x00000000fb4cbec0,0x00000000ff100000)
  to   space 105984K, 0% used [0x00000000f1c00000,0x00000000f1c00000,0x00000000f8380000)
 ParOldGen       total 536064K, used 240862K [0x00000000a0000000, 0x00000000c0b80000, 0x00000000e0000000)
  object space 536064K, 44% used [0x00000000a0000000,0x00000000aeb37908,0x00000000c0b80000)
 Metaspace       used 81763K, capacity 84900K, committed 84952K, reserved 1124352K
  class space    used 10222K, capacity 10961K, committed 11008K, reserved 1048576K
Event: 1154.398 GC heap after
Heap after GC invocations=29 (full 4):
 PSYoungGen      total 396800K, used 50143K [0x00000000e0000000, 0x00000000ff000000, 0x0000000100000000)
  eden space 290816K, 0% used [0x00000000e0000000,0x00000000e0000000,0x00000000f1c00000)
  from space 105984K, 47% used [0x00000000f1c00000,0x00000000f4cf7da0,0x00000000f8380000)
  to   space 100864K, 0% used [0x00000000f8d80000,0x00000000f8d80000,0x00000000ff000000)
 ParOldGen       total 536064K, used 241366K [0x00000000a0000000, 0x00000000c0b80000, 0x00000000e0000000)
  object space 536064K, 45% used [0x00000000a0000000,0x00000000aebb5928,0x00000000c0b80000)
 Metaspace       used 81763K, capacity 84900K, committed 84952K, reserved 1124352K
  class space    used 10222K, capacity 10961K, committed 11008K, reserved 1048576K
}
Event: 1531.749 GC heap before
{Heap before GC invocations=30 (full 4):
 PSYoungGen      total 396800K, used 340702K [0x00000000e0000000, 0x00000000ff000000, 0x0000000100000000)
  eden space 290816K, 99% used [0x00000000e0000000,0x00000000f1bbfc18,0x00000000f1c00000)
  from space 105984K, 47% used [0x00000000f1c00000,0x00000000f4cf7da0,0x00000000f8380000)
  to   space 100864K, 0% used [0x00000000f8d80000,0x00000000f8d80000,0x00000000ff000000)
 ParOldGen       total 536064K, used 241366K [0x00000000a0000000, 0x00000000c0b80000, 0x00000000e0000000)
  object space 536064K, 45% used [0x00000000a0000000,0x00000000aebb5928,0x00000000c0b80000)
 Metaspace       used 82238K, capacity 85566K, committed 85848K, reserved 1124352K
  class space    used 10242K, capacity 11016K, committed 11136K, reserved 1048576K
Event: 1531.809 GC heap after
Heap after GC invocations=30 (full 4):
 PSYoungGen      total 409600K, used 34262K [0x00000000e0000000, 0x00000000ff600000, 0x0000000100000000)
  eden space 308736K, 0% used [0x00000000e0000000,0x00000000e0000000,0x00000000f2d80000)
  from space 100864K, 33% used [0x00000000f8d80000,0x00000000faef5ab8,0x00000000ff000000)
  to   space 98304K, 0% used [0x00000000f2d80000,0x00000000f2d80000,0x00000000f8d80000)
 ParOldGen       total 536064K, used 268476K [0x00000000a0000000, 0x00000000c0b80000, 0x00000000e0000000)
  object space 536064K, 50% used [0x00000000a0000000,0x00000000b062f250,0x00000000c0b80000)
 Metaspace       used 82238K, capacity 85566K, committed 85848K, reserved 1124352K
  class space    used 10242K, capacity 11016K, committed 11136K, reserved 1048576K
}

